Release 14.7 - xst P.20131013 (nt64)
Copyright (c) 1995-2013 Xilinx, Inc.  All rights reserved.
--> Parameter TMPDIR set to xst/projnav.tmp


Total REAL time to Xst completion: 0.00 secs
Total CPU time to Xst completion: 0.20 secs
 
--> Parameter xsthdpdir set to xst


Total REAL time to Xst completion: 0.00 secs
Total CPU time to Xst completion: 0.20 secs
 
--> Reading design: mux.prj

TABLE OF CONTENTS
  1) Synthesis Options Summary
  2) HDL Parsing
  3) HDL Elaboration
  4) HDL Synthesis
       4.1) HDL Synthesis Report
  5) Advanced HDL Synthesis
       5.1) Advanced HDL Synthesis Report
  6) Low Level Synthesis
  7) Partition Report
  8) Design Summary
       8.1) Primitive and Black Box Usage
       8.2) Device utilization summary
       8.3) Partition Resource Summary
       8.4) Timing Report
            8.4.1) Clock Information
            8.4.2) Asynchronous Control Signals Information
            8.4.3) Timing Summary
            8.4.4) Timing Details
            8.4.5) Cross Clock Domains Report


=========================================================================
*                      Synthesis Options Summary                        *
=========================================================================
---- Source Parameters
Input File Name                    : "mux.prj"
Ignore Synthesis Constraint File   : NO

---- Target Parameters
Output File Name                   : "mux"
Output Format                      : NGC
Target Device                      : xc6slx150-3-fgg484

---- Source Options
Top Module Name                    : mux
Automatic FSM Extraction           : YES
FSM Encoding Algorithm             : Auto
Safe Implementation                : No
FSM Style                          : LUT
RAM Extraction                     : Yes
RAM Style                          : Auto
ROM Extraction                     : Yes
Shift Register Extraction          : YES
ROM Style                          : Auto
Resource Sharing                   : YES
Asynchronous To Synchronous        : NO
Shift Register Minimum Size        : 2
Use DSP Block                      : Auto
Automatic Register Balancing       : No

---- Target Options
LUT Combining                      : Auto
Reduce Control Sets                : Auto
Add IO Buffers                     : YES
Global Maximum Fanout              : 100000
Add Generic Clock Buffer(BUFG)     : 16
Register Duplication               : YES
Optimize Instantiated Primitives   : NO
Use Clock Enable                   : Auto
Use Synchronous Set                : Auto
Use Synchronous Reset              : Auto
Pack IO Registers into IOBs        : Auto
Equivalent register Removal        : YES

---- General Options
Optimization Goal                  : Speed
Optimization Effort                : 1
Power Reduction                    : NO
Keep Hierarchy                     : No
Netlist Hierarchy                  : As_Optimized
RTL Output                         : Yes
Global Optimization                : AllClockNets
Read Cores                         : YES
Write Timing Constraints           : NO
Cross Clock Analysis               : NO
Hierarchy Separator                : /
Bus Delimiter                      : <>
Case Specifier                     : Maintain
Slice Utilization Ratio            : 100
BRAM Utilization Ratio             : 100
DSP48 Utilization Ratio            : 100
Auto BRAM Packing                  : NO
Slice Utilization Ratio Delta      : 5

=========================================================================


=========================================================================
*                          HDL Parsing                                  *
=========================================================================
Analyzing Verilog file "C:\Users\Sajjad\projects\Fall 99\DSD\dsdproject\FloatingMatrixMultiplier\mux.v" into library work
Parsing module <mux>.

=========================================================================
*                            HDL Elaboration                            *
=========================================================================

Elaborating module <mux>.
WARNING:HDLCompiler:413 - "C:\Users\Sajjad\projects\Fall 99\DSD\dsdproject\FloatingMatrixMultiplier\mux.v" Line 37: Result of 64-bit expression is truncated to fit in 32-bit target.

=========================================================================
*                           HDL Synthesis                               *
=========================================================================

Synthesizing Unit <mux>.
    Related source file is "C:\Users\Sajjad\projects\Fall 99\DSD\dsdproject\FloatingMatrixMultiplier\mux.v".
        WIDTH = 32
        NUM_INPUTS = 2
    Found 3-bit subtractor for signal <GND_1_o_GND_1_o_sub_1_OUT> created at line 37.
    Found 64-bit shifter logical right for signal <n0004> created at line 37
    Summary:
	inferred   1 Adder/Subtractor(s).
	inferred   1 Multiplexer(s).
	inferred   1 Combinational logic shifter(s).
Unit <mux> synthesized.

=========================================================================
HDL Synthesis Report

Macro Statistics
# Adders/Subtractors                                   : 1
 3-bit subtractor                                      : 1
# Multiplexers                                         : 1
 64-bit 2-to-1 multiplexer                             : 1
# Logic shifters                                       : 1
 64-bit shifter logical right                          : 1

=========================================================================

=========================================================================
*                       Advanced HDL Synthesis                          *
=========================================================================


=========================================================================
Advanced HDL Synthesis Report

Macro Statistics
# Adders/Subtractors                                   : 1
 3-bit subtractor                                      : 1
# Multiplexers                                         : 1
 64-bit 2-to-1 multiplexer                             : 1
# Logic shifters                                       : 1
 64-bit shifter logical right                          : 1

=========================================================================

=========================================================================
*                         Low Level Synthesis                           *
=========================================================================

Optimizing unit <mux> ...

Mapping all equations...
Building and optimizing final netlist ...
Found area constraint ratio of 100 (+ 5) on block mux, actual ratio is 0.

Final Macro Processing ...

=========================================================================
Final Register Report

Found no macro
=========================================================================

=========================================================================
*                           Partition Report                            *
=========================================================================

Partition Implementation Status
-------------------------------

  No Partitions were found in this design.

-------------------------------

=========================================================================
*                            Design Summary                             *
=========================================================================

Top Level Output File Name         : mux.ngc

Primitive and Black Box Usage:
------------------------------
# BELS                             : 32
#      LUT4                        : 32
# IO Buffers                       : 98
#      IBUF                        : 66
#      OBUF                        : 32

Device utilization summary:
---------------------------

Selected Device : 6slx150fgg484-3 


Slice Logic Utilization: 
 Number of Slice LUTs:                   32  out of  92152     0%  
    Number used as Logic:                32  out of  92152     0%  

Slice Logic Distribution: 
 Number of LUT Flip Flop pairs used:     32
   Number with an unused Flip Flop:      32  out of     32   100%  
   Number with an unused LUT:             0  out of     32     0%  
   Number of fully used LUT-FF pairs:     0  out of     32     0%  
   Number of unique control sets:         0

IO Utilization: 
 Number of IOs:                          98
 Number of bonded IOBs:                  98  out of    338    28%  

Specific Feature Utilization:

---------------------------
Partition Resource Summary:
---------------------------

  No Partitions were found in this design.

---------------------------


=========================================================================
Timing Report

NOTE: THESE TIMING NUMBERS ARE ONLY A SYNTHESIS ESTIMATE.
      FOR ACCURATE TIMING INFORMATION PLEASE REFER TO THE TRACE REPORT
      GENERATED AFTER PLACE-and-ROUTE.

Clock Information:
------------------
No clock signals found in this design

Asynchronous Control Signals Information:
----------------------------------------
No asynchronous control signals found in this design

Timing Summary:
---------------
Speed Grade: -3

   Minimum period: No path found
   Minimum input arrival time before clock: No path found
   Maximum output required time after clock: No path found
   Maximum combinational path delay: 6.114ns

Timing Details:
---------------
All values displayed in nanoseconds (ns)

=========================================================================
Timing constraint: Default path analysis
  Total number of paths / destination ports: 128 / 32
-------------------------------------------------------------------------
Delay:               6.114ns (Levels of Logic = 3)
  Source:            select<1> (PAD)
  Destination:       Out<31> (PAD)

  Data Path: select<1> to Out<31>
                                Gate     Net
    Cell:in->out      fanout   Delay   Delay  Logical Name (Net Name)
    ----------------------------------------  ------------
     IBUF:I->O            32   1.222   1.539  select_1_IBUF (select_1_IBUF)
     LUT4:I0->O            1   0.203   0.579  Mmux__n0011321 (Out_9_OBUF)
     OBUF:I->O                 2.571          Out_9_OBUF (Out<9>)
    ----------------------------------------
    Total                      6.114ns (3.996ns logic, 2.118ns route)
                                       (65.4% logic, 34.6% route)

=========================================================================

Cross Clock Domains Report:
--------------------------

=========================================================================


Total REAL time to Xst completion: 4.00 secs
Total CPU time to Xst completion: 4.71 secs
 
--> 

Total memory usage is 4485712 kilobytes

Number of errors   :    0 (   0 filtered)
Number of warnings :    1 (   0 filtered)
Number of infos    :    0 (   0 filtered)

